[35m[1mScanning dependencies of target gazebo_ros_template[0m
[35m[1mScanning dependencies of target gazebo_ros_range[0m
[35m[1mScanning dependencies of target nav_msgs_generate_messages_eus[0m
[35m[1mScanning dependencies of target tf2_msgs_generate_messages_nodejs[0m
[35m[1mScanning dependencies of target gazebo_ros_hand_of_god[0m
[35m[1mScanning dependencies of target gazebo_ros_planar_move[0m
[35m[1mScanning dependencies of target nodelet_generate_messages_nodejs[0m
[35m[1mScanning dependencies of target std_srvs_generate_messages_eus[0m
[35m[1mScanning dependencies of target gazebo_ros_ft_sensor[0m
[35m[1mScanning dependencies of target bond_generate_messages_nodejs[0m
[35m[1mScanning dependencies of target polled_camera_generate_messages_nodejs[0m
[35m[1mScanning dependencies of target rosgraph_msgs_generate_messages_eus[0m
[35m[1mScanning dependencies of target gazebo_ros_video[0m
[35m[1mScanning dependencies of target roscpp_generate_messages_eus[0m
[35m[1mScanning dependencies of target actionlib_generate_messages_eus[0m
[35m[1mScanning dependencies of target gazebo_ros_utils[0m
[35m[1mScanning dependencies of target gazebo_ros_vacuum_gripper[0m
[35m[1mScanning dependencies of target dynamic_reconfigure_generate_messages_nodejs[0m
[35m[1mScanning dependencies of target gazebo_ros_skid_steer_drive[0m
[35m[1mScanning dependencies of target nodelet_generate_messages_py[0m
[35m[1mScanning dependencies of target bond_generate_messages_cpp[0m
[35m[1mScanning dependencies of target bond_generate_messages_py[0m
[35m[1mScanning dependencies of target rosgraph_msgs_generate_messages_cpp[0m
[35m[1mScanning dependencies of target rosgraph_msgs_generate_messages_nodejs[0m
[35m[1mScanning dependencies of target roscpp_generate_messages_nodejs[0m
[35m[1mScanning dependencies of target tf2_msgs_generate_messages_py[0m
[35m[1mScanning dependencies of target gazebo_msgs_generate_messages_lisp[0m
[35m[1mScanning dependencies of target trajectory_msgs_generate_messages_py[0m
[  0%] Built target rosgraph_msgs_generate_messages_eus
[  0%] Built target nav_msgs_generate_messages_eus
[  0%] Built target roscpp_generate_messages_nodejs
[  0%] Built target roscpp_generate_messages_eus
[  0%] Built target bond_generate_messages_nodejs
[  0%] Built target bond_generate_messages_py
[  0%] Built target actionlib_generate_messages_eus
[  0%] Built target tf2_msgs_generate_messages_py
[  0%] Built target polled_camera_generate_messages_nodejs
[  0%] Built target rosgraph_msgs_generate_messages_nodejs
[  0%] Built target nodelet_generate_messages_nodejs
[  0%] Built target tf2_msgs_generate_messages_nodejs
[  0%] Built target std_srvs_generate_messages_eus
[  0%] Built target bond_generate_messages_cpp
[  0%] Built target nodelet_generate_messages_py
[  0%] Built target gazebo_msgs_generate_messages_lisp
[  0%] Built target rosgraph_msgs_generate_messages_cpp
[35m[1mScanning dependencies of target actionlib_msgs_generate_messages_nodejs[0m
[35m[1mScanning dependencies of target tf_generate_messages_py[0m
[  0%] Built target dynamic_reconfigure_generate_messages_nodejs
[35m[1mScanning dependencies of target std_msgs_generate_messages_cpp[0m
[35m[1mScanning dependencies of target sensor_msgs_generate_messages_nodejs[0m
[35m[1mScanning dependencies of target geometry_msgs_generate_messages_nodejs[0m
[35m[1mScanning dependencies of target roscpp_generate_messages_py[0m
[35m[1mScanning dependencies of target gazebo_msgs_generate_messages_eus[0m
[35m[1mScanning dependencies of target trajectory_msgs_generate_messages_cpp[0m
[35m[1mScanning dependencies of target dynamic_reconfigure_generate_messages_eus[0m
[  0%] Built target trajectory_msgs_generate_messages_py
[35m[1mScanning dependencies of target nav_msgs_generate_messages_cpp[0m
[35m[1mScanning dependencies of target visualization_msgs_generate_messages_eus[0m
[35m[1mScanning dependencies of target geometry_msgs_generate_messages_lisp[0m
[35m[1mScanning dependencies of target rosgraph_msgs_generate_messages_lisp[0m
[35m[1mScanning dependencies of target trajectory_msgs_generate_messages_eus[0m
[35m[1mScanning dependencies of target diagnostic_msgs_generate_messages_cpp[0m
[35m[1mScanning dependencies of target actionlib_msgs_generate_messages_lisp[0m
[  0%] Built target actionlib_msgs_generate_messages_nodejs
[  0%] Built target roscpp_generate_messages_py
[  0%] Built target geometry_msgs_generate_messages_nodejs
[  0%] Built target sensor_msgs_generate_messages_nodejs
[35m[1mScanning dependencies of target std_msgs_generate_messages_lisp[0m
[35m[1mScanning dependencies of target std_srvs_generate_messages_cpp[0m
[  0%] Built target dynamic_reconfigure_generate_messages_eus
[  0%] Built target tf_generate_messages_py
[  0%] Built target std_msgs_generate_messages_cpp
[  0%] Built target gazebo_msgs_generate_messages_eus
[  0%] Built target visualization_msgs_generate_messages_eus
[  0%] Built target trajectory_msgs_generate_messages_eus
[  0%] Built target trajectory_msgs_generate_messages_cpp
[  0%] Built target geometry_msgs_generate_messages_lisp
[  0%] Built target diagnostic_msgs_generate_messages_cpp
[35m[1mScanning dependencies of target gazebo_msgs_generate_messages_cpp[0m
[  0%] Built target actionlib_msgs_generate_messages_lisp
[  0%] Built target nav_msgs_generate_messages_cpp
[  0%] Built target rosgraph_msgs_generate_messages_lisp
[35m[1mScanning dependencies of target gazebo_msgs_generate_messages_py[0m
[35m[1mScanning dependencies of target std_msgs_generate_messages_eus[0m
[35m[1mScanning dependencies of target _catkin_empty_exported_target[0m
[  0%] Built target gazebo_msgs_generate_messages_cpp
[35m[1mScanning dependencies of target std_srvs_generate_messages_lisp[0m
[35m[1mScanning dependencies of target std_msgs_generate_messages_nodejs[0m
[35m[1mScanning dependencies of target std_msgs_generate_messages_py[0m
[  0%] Built target std_srvs_generate_messages_cpp
[  0%] Built target std_msgs_generate_messages_lisp
[35m[1mScanning dependencies of target actionlib_generate_messages_lisp[0m
[35m[1mScanning dependencies of target sensor_msgs_generate_messages_cpp[0m
[35m[1mScanning dependencies of target nodelet_generate_messages_eus[0m
[35m[1mScanning dependencies of target nav_msgs_generate_messages_nodejs[0m
[35m[1mScanning dependencies of target gazebo_msgs_generate_messages_nodejs[0m
[35m[1mScanning dependencies of target nodelet_generate_messages_lisp[0m
[35m[1mScanning dependencies of target roscpp_generate_messages_lisp[0m
[35m[1mScanning dependencies of target trajectory_msgs_generate_messages_nodejs[0m
[  0%] Built target _catkin_empty_exported_target
[35m[1mScanning dependencies of target tf2_msgs_generate_messages_eus[0m
[  0%] Built target std_msgs_generate_messages_nodejs
[35m[1mScanning dependencies of target diagnostic_msgs_generate_messages_eus[0m
[35m[1mScanning dependencies of target trajectory_msgs_generate_messages_lisp[0m
[  0%] Built target std_srvs_generate_messages_lisp
[35m[1mScanning dependencies of target geometry_msgs_generate_messages_eus[0m
[  0%] Built target actionlib_generate_messages_lisp
[35m[1mScanning dependencies of target geometry_msgs_generate_messages_cpp[0m
[  0%] Built target std_msgs_generate_messages_py
[  0%] Built target sensor_msgs_generate_messages_cpp
[  0%] Built target nodelet_generate_messages_eus
[  0%] Built target nav_msgs_generate_messages_nodejs
[  0%] Built target std_msgs_generate_messages_eus
[  0%] Built target gazebo_msgs_generate_messages_py
[  0%] Built target roscpp_generate_messages_lisp
[  0%] Built target nodelet_generate_messages_lisp
[  0%] Built target gazebo_msgs_generate_messages_nodejs
[  0%] Built target trajectory_msgs_generate_messages_nodejs
[  0%] Built target tf2_msgs_generate_messages_eus
[35m[1mScanning dependencies of target bond_generate_messages_lisp[0m
[35m[1mScanning dependencies of target geometry_msgs_generate_messages_py[0m
[  0%] Built target diagnostic_msgs_generate_messages_eus
[  0%] Built target geometry_msgs_generate_messages_cpp
[35m[1mScanning dependencies of target sensor_msgs_generate_messages_eus[0m
[35m[1mScanning dependencies of target tf_generate_messages_eus[0m
[  0%] Built target trajectory_msgs_generate_messages_lisp
[  0%] Built target geometry_msgs_generate_messages_eus
[35m[1mScanning dependencies of target visualization_msgs_generate_messages_cpp[0m
[35m[1mScanning dependencies of target roscpp_generate_messages_cpp[0m
[35m[1mScanning dependencies of target actionlib_msgs_generate_messages_cpp[0m
[35m[1mScanning dependencies of target dynamic_reconfigure_generate_messages_py[0m
[35m[1mScanning dependencies of target tf_generate_messages_lisp[0m
[35m[1mScanning dependencies of target actionlib_msgs_generate_messages_eus[0m
[35m[1mScanning dependencies of target actionlib_msgs_generate_messages_py[0m
[35m[1mScanning dependencies of target tf_generate_messages_cpp[0m
[35m[1mScanning dependencies of target tf_generate_messages_nodejs[0m
[35m[1mScanning dependencies of target std_srvs_generate_messages_py[0m
[35m[1mScanning dependencies of target actionlib_generate_messages_cpp[0m
[35m[1mScanning dependencies of target actionlib_generate_messages_nodejs[0m
[  0%] Built target bond_generate_messages_lisp
[  0%] Built target actionlib_msgs_generate_messages_cpp
[35m[1mScanning dependencies of target actionlib_generate_messages_py[0m
[  0%] Built target geometry_msgs_generate_messages_py
[  0%] Built target sensor_msgs_generate_messages_eus
[  0%] Built target roscpp_generate_messages_cpp
[  0%] Built target tf_generate_messages_eus
[35m[1mScanning dependencies of target nav_msgs_generate_messages_lisp[0m
[35m[1mScanning dependencies of target diagnostic_msgs_generate_messages_lisp[0m
[  0%] Built target visualization_msgs_generate_messages_cpp
[  0%] Built target dynamic_reconfigure_generate_messages_py
[  0%] Built target actionlib_msgs_generate_messages_eus
[  0%] Built target actionlib_msgs_generate_messages_py
[  0%] Built target tf_generate_messages_lisp
[  0%] Built target actionlib_generate_messages_cpp
[  0%] Built target tf_generate_messages_nodejs
[  0%] Built target tf_generate_messages_cpp
[  0%] Built target std_srvs_generate_messages_py
[  0%] Built target actionlib_generate_messages_nodejs
[35m[1mScanning dependencies of target dynamic_reconfigure_generate_messages_lisp[0m
[35m[1mScanning dependencies of target tf2_msgs_generate_messages_lisp[0m
[35m[1mScanning dependencies of target diagnostic_msgs_generate_messages_py[0m
[35m[1mScanning dependencies of target tf2_msgs_generate_messages_cpp[0m
[  0%] Built target nav_msgs_generate_messages_lisp
[  0%] Built target actionlib_generate_messages_py
[35m[1mScanning dependencies of target polled_camera_generate_messages_lisp[0m
[  0%] Built target diagnostic_msgs_generate_messages_lisp
[35m[1mScanning dependencies of target polled_camera_generate_messages_cpp[0m
[35m[1mScanning dependencies of target dynamic_reconfigure_generate_messages_cpp[0m
[35m[1mScanning dependencies of target dynamic_reconfigure_gencfg[0m
[35m[1mScanning dependencies of target visualization_msgs_generate_messages_lisp[0m
[35m[1mScanning dependencies of target rosgraph_msgs_generate_messages_py[0m
[35m[1mScanning dependencies of target polled_camera_generate_messages_py[0m
[35m[1mScanning dependencies of target visualization_msgs_generate_messages_py[0m
[35m[1mScanning dependencies of target visualization_msgs_generate_messages_nodejs[0m
[35m[1mScanning dependencies of target diagnostic_msgs_generate_messages_nodejs[0m
[35m[1mScanning dependencies of target polled_camera_generate_messages_eus[0m
[35m[1mScanning dependencies of target bond_generate_messages_eus[0m
[  0%] Built target diagnostic_msgs_generate_messages_py
[  0%] Built target dynamic_reconfigure_generate_messages_lisp
[  0%] Built target dynamic_reconfigure_generate_messages_cpp
[35m[1mScanning dependencies of target sensor_msgs_generate_messages_py[0m
[35m[1mScanning dependencies of target std_srvs_generate_messages_nodejs[0m
[  0%] Built target polled_camera_generate_messages_lisp
[35m[1mScanning dependencies of target nav_msgs_generate_messages_py[0m
[  0%] Built target dynamic_reconfigure_gencfg
[  0%] Built target tf2_msgs_generate_messages_cpp
[  0%] Built target polled_camera_generate_messages_cpp
[  0%] Built target polled_camera_generate_messages_eus
[  0%] Built target tf2_msgs_generate_messages_lisp
[  0%] Built target polled_camera_generate_messages_py
[  0%] Built target visualization_msgs_generate_messages_nodejs
[  0%] Built target visualization_msgs_generate_messages_lisp
[  0%] Built target rosgraph_msgs_generate_messages_py
[  0%] Built target bond_generate_messages_eus
[  0%] Built target visualization_msgs_generate_messages_py
[35m[1mScanning dependencies of target nodelet_generate_messages_cpp[0m
[35m[1mScanning dependencies of target sensor_msgs_generate_messages_lisp[0m
[  0%] Built target nav_msgs_generate_messages_py
[  0%] Built target std_srvs_generate_messages_nodejs
[35m[1mScanning dependencies of target gazebo_ros_f3d[0m
[  0%] Built target diagnostic_msgs_generate_messages_nodejs
[35m[1mScanning dependencies of target MultiCameraPlugin[0m
[35m[1mScanning dependencies of target gazebo_ros_block_laser[0m
[35m[1mScanning dependencies of target gazebo_ros_projector[0m
[  0%] Built target sensor_msgs_generate_messages_py
[35m[1mScanning dependencies of target gazebo_ros_gpu_laser[0m
[  1%] [32mBuilding CXX object CMakeFiles/gazebo_ros_template.dir/src/gazebo_ros_template.cpp.o[0m
[35m[1mScanning dependencies of target gazebo_ros_force[0m
[35m[1mScanning dependencies of target gazebo_ros_imu_sensor[0m
[35m[1mScanning dependencies of target gazebo_ros_laser[0m
[35m[1mScanning dependencies of target gazebo_ros_p3d[0m
[  1%] Built target nodelet_generate_messages_cpp
[35m[1mScanning dependencies of target gazebo_ros_imu[0m
[  1%] Built target sensor_msgs_generate_messages_lisp
[  3%] [32mBuilding CXX object CMakeFiles/gazebo_ros_ft_sensor.dir/src/gazebo_ros_ft_sensor.cpp.o[0m
[  3%] [32mBuilding CXX object CMakeFiles/gazebo_ros_vacuum_gripper.dir/src/gazebo_ros_vacuum_gripper.cpp.o[0m
[  6%] [32mBuilding CXX object CMakeFiles/gazebo_ros_hand_of_god.dir/src/gazebo_ros_hand_of_god.cpp.o[0m
[  6%] [32mBuilding CXX object CMakeFiles/gazebo_ros_skid_steer_drive.dir/src/gazebo_ros_skid_steer_drive.cpp.o[0m
[35m[1mScanning dependencies of target gazebo_ros_joint_pose_trajectory[0m
[35m[1mScanning dependencies of target gazebo_ros_joint_state_publisher[0m
[35m[1mScanning dependencies of target gazebo_ros_harness[0m
[35m[1mScanning dependencies of target gazebo_plugins_gencfg[0m
[35m[1mScanning dependencies of target gazebo_ros_bumper[0m
[35m[1mScanning dependencies of target pub_joint_trajectory_test[0m
[  7%] [32mBuilding CXX object CMakeFiles/gazebo_ros_planar_move.dir/src/gazebo_ros_planar_move.cpp.o[0m
[  8%] [32mBuilding CXX object CMakeFiles/gazebo_ros_utils.dir/src/gazebo_ros_utils.cpp.o[0m
[  9%] [32mBuilding CXX object CMakeFiles/gazebo_ros_range.dir/src/gazebo_ros_range.cpp.o[0m
[ 10%] [34m[1mGenerating dynamic reconfigure files from cfg/CameraSynchronizer.cfg: /home/hmcl/catkin_ws/devel/.private/gazebo_plugins/include/gazebo_plugins/CameraSynchronizerConfig.h /home/hmcl/catkin_ws/devel/.private/gazebo_plugins/lib/python3/dist-packages/gazebo_plugins/cfg/CameraSynchronizerConfig.py[0m
[ 12%] [34m[1mGenerating dynamic reconfigure files from cfg/GazeboRosOpenniKinect.cfg: /home/hmcl/catkin_ws/devel/.private/gazebo_plugins/include/gazebo_plugins/GazeboRosOpenniKinectConfig.h /home/hmcl/catkin_ws/devel/.private/gazebo_plugins/lib/python3/dist-packages/gazebo_plugins/cfg/GazeboRosOpenniKinectConfig.py[0m
[ 13%] [34m[1mGenerating dynamic reconfigure files from cfg/GazeboRosCamera.cfg: /home/hmcl/catkin_ws/devel/.private/gazebo_plugins/include/gazebo_plugins/GazeboRosCameraConfig.h /home/hmcl/catkin_ws/devel/.private/gazebo_plugins/lib/python3/dist-packages/gazebo_plugins/cfg/GazeboRosCameraConfig.py[0m
[ 14%] [34m[1mGenerating dynamic reconfigure files from cfg/Hokuyo.cfg: /home/hmcl/catkin_ws/devel/.private/gazebo_plugins/include/gazebo_plugins/HokuyoConfig.h /home/hmcl/catkin_ws/devel/.private/gazebo_plugins/lib/python3/dist-packages/gazebo_plugins/cfg/HokuyoConfig.py[0m
[ 15%] [32mBuilding CXX object CMakeFiles/pub_joint_trajectory_test.dir/test/pub_joint_trajectory_test.cpp.o[0m
[ 16%] [32mBuilding CXX object CMakeFiles/gazebo_ros_video.dir/src/gazebo_ros_video.cpp.o[0m
Generating reconfiguration files for CameraSynchronizer in gazebo_plugins
Wrote header file in /home/hmcl/catkin_ws/devel/.private/gazebo_plugins/include/gazebo_plugins/CameraSynchronizerConfig.h
[ 18%] [34m[1mGenerating dynamic reconfigure files from cfg/WheelSlip.cfg: /home/hmcl/catkin_ws/devel/.private/gazebo_plugins/include/gazebo_plugins/WheelSlipConfig.h /home/hmcl/catkin_ws/devel/.private/gazebo_plugins/lib/python3/dist-packages/gazebo_plugins/cfg/WheelSlipConfig.py[0m
[ 19%] [32mBuilding CXX object CMakeFiles/gazebo_ros_f3d.dir/src/gazebo_ros_f3d.cpp.o[0m
[ 20%] [32mBuilding CXX object CMakeFiles/gazebo_ros_imu_sensor.dir/src/gazebo_ros_imu_sensor.cpp.o[0m
[ 21%] [32mBuilding CXX object CMakeFiles/MultiCameraPlugin.dir/src/MultiCameraPlugin.cpp.o[0m
[ 24%] [32mBuilding CXX object CMakeFiles/gazebo_ros_projector.dir/src/gazebo_ros_projector.cpp.o[0m
[ 24%] [32mBuilding CXX object CMakeFiles/gazebo_ros_block_laser.dir/src/gazebo_ros_block_laser.cpp.o[0m
[ 25%] [32mBuilding CXX object CMakeFiles/gazebo_ros_laser.dir/src/gazebo_ros_laser.cpp.o[0m
[ 26%] [32mBuilding CXX object CMakeFiles/gazebo_ros_gpu_laser.dir/src/gazebo_ros_gpu_laser.cpp.o[0m
[ 27%] [32mBuilding CXX object CMakeFiles/gazebo_ros_p3d.dir/src/gazebo_ros_p3d.cpp.o[0m
[ 28%] [32mBuilding CXX object CMakeFiles/gazebo_ros_force.dir/src/gazebo_ros_force.cpp.o[0m
Generating reconfiguration files for GazeboRosCamera in gazebo_plugins
Wrote header file in /home/hmcl/catkin_ws/devel/.private/gazebo_plugins/include/gazebo_plugins/GazeboRosCameraConfig.h
[ 31%] [32mBuilding CXX object CMakeFiles/gazebo_ros_joint_pose_trajectory.dir/src/gazebo_ros_joint_pose_trajectory.cpp.o[0m
[ 31%] [32mBuilding CXX object CMakeFiles/gazebo_ros_imu.dir/src/gazebo_ros_imu.cpp.o[0m
Generating reconfiguration files for GazeboRosOpenniKinect in gazebo_plugins
Wrote header file in /home/hmcl/catkin_ws/devel/.private/gazebo_plugins/include/gazebo_plugins/GazeboRosOpenniKinectConfig.h
[ 32%] [32mBuilding CXX object CMakeFiles/gazebo_ros_harness.dir/src/gazebo_ros_harness.cpp.o[0m
[ 33%] [32mBuilding CXX object CMakeFiles/gazebo_ros_bumper.dir/src/gazebo_ros_bumper.cpp.o[0m
Generating reconfiguration files for Hokuyo in gazebo_plugins
Wrote header file in /home/hmcl/catkin_ws/devel/.private/gazebo_plugins/include/gazebo_plugins/HokuyoConfig.h
Generating reconfiguration files for WheelSlip in gazebo_plugins
[ 34%] [32mBuilding CXX object CMakeFiles/gazebo_ros_joint_state_publisher.dir/src/gazebo_ros_joint_state_publisher.cpp.o[0m
Wrote header file in /home/hmcl/catkin_ws/devel/.private/gazebo_plugins/include/gazebo_plugins/WheelSlipConfig.h
[ 34%] Built target gazebo_plugins_gencfg
[35m[1mScanning dependencies of target hokuyo_node[0m
[35m[1mScanning dependencies of target gazebo_ros_elevator[0m
[35m[1mScanning dependencies of target gazebo_ros_camera_utils[0m
[35m[1mScanning dependencies of target vision_reconfigure[0m
[ 36%] [32mBuilding CXX object CMakeFiles/hokuyo_node.dir/src/hokuyo_node.cpp.o[0m
[ 37%] [32mBuilding CXX object CMakeFiles/vision_reconfigure.dir/src/vision_reconfigure.cpp.o[0m
[ 38%] [32mBuilding CXX object CMakeFiles/gazebo_ros_elevator.dir/src/gazebo_ros_elevator.cpp.o[0m
[ 39%] [32mBuilding CXX object CMakeFiles/gazebo_ros_camera_utils.dir/src/gazebo_ros_camera_utils.cpp.o[0m
[ 40%] [32m[1mLinking CXX executable /home/hmcl/catkin_ws/devel/.private/gazebo_plugins/lib/gazebo_plugins/hokuyo_node[0m
[ 42%] [32m[1mLinking CXX executable /home/hmcl/catkin_ws/devel/.private/gazebo_plugins/lib/gazebo_plugins/pub_joint_trajectory_test[0m
[ 43%] [32m[1mLinking CXX shared library /home/hmcl/catkin_ws/devel/.private/gazebo_plugins/lib/libvision_reconfigure.so[0m
[ 43%] Built target hokuyo_node
[35m[1mScanning dependencies of target gazebo_ros_wheel_slip[0m
[ 44%] [32mBuilding CXX object CMakeFiles/gazebo_ros_wheel_slip.dir/src/gazebo_ros_wheel_slip.cpp.o[0m
[ 44%] Built target vision_reconfigure
[35m[1mScanning dependencies of target camera_synchronizer[0m
[ 45%] [32mBuilding CXX object CMakeFiles/camera_synchronizer.dir/src/camera_synchronizer.cpp.o[0m
[ 45%] Built target pub_joint_trajectory_test
[ 46%] [32m[1mLinking CXX executable /home/hmcl/catkin_ws/devel/.private/gazebo_plugins/lib/gazebo_plugins/camera_synchronizer[0m
[ 48%] [32m[1mLinking CXX shared library /home/hmcl/catkin_ws/devel/.private/gazebo_plugins/lib/libgazebo_ros_elevator.so[0m
[ 48%] Built target camera_synchronizer
[ 48%] Built target gazebo_ros_elevator
[ 49%] [32m[1mLinking CXX shared library /home/hmcl/catkin_ws/devel/.private/gazebo_plugins/lib/libgazebo_ros_template.so[0m
[ 50%] [32m[1mLinking CXX shared library /home/hmcl/catkin_ws/devel/.private/gazebo_plugins/lib/libgazebo_ros_harness.so[0m
[ 51%] [32m[1mLinking CXX shared library /home/hmcl/catkin_ws/devel/.private/gazebo_plugins/lib/libgazebo_ros_imu_sensor.so[0m
[ 51%] Built target gazebo_ros_template
[ 53%] [32m[1mLinking CXX shared library /home/hmcl/catkin_ws/devel/.private/gazebo_plugins/lib/libgazebo_ros_force.so[0m
[ 54%] [32m[1mLinking CXX shared library /home/hmcl/catkin_ws/devel/.private/gazebo_plugins/lib/libgazebo_ros_vacuum_gripper.so[0m
[ 54%] Built target gazebo_ros_harness
[ 54%] Built target gazebo_ros_imu_sensor
[ 55%] [32m[1mLinking CXX shared library /home/hmcl/catkin_ws/devel/.private/gazebo_plugins/lib/libgazebo_ros_hand_of_god.so[0m
In file included from [01m[K/usr/include/c++/10/functional:59[m[K,
                 from [01m[K/usr/include/c++/10/pstl/glue_algorithm_defs.h:13[m[K,
                 from [01m[K/usr/include/c++/10/algorithm:74[m[K,
                 from [01m[K/home/hmcl/catkin_ws/src/gazebo_ros_pkgs/gazebo_plugins/src/gazebo_ros_skid_steer_drive.cpp:40[m[K:
[01m[K/usr/include/c++/10/bits/std_function.h:[m[K In copy constructor ‘[01m[Kstd::function<_Res(_ArgTypes ...)>::function(const std::function<_Res(_ArgTypes ...)>&) [with _Res = void; _ArgTypes = {const gazebo::common::UpdateInfo&}][m[K’:
[01m[K/usr/include/c++/10/bits/std_function.h:597:5:[m[K [01;31m[Kinternal compiler error: [m[KSegmentation fault
  597 |     [01;31m[K}[m[K
      |     [01;31m[K^[m[K
0x7f775514308f ???
	/build/glibc-e2p3jK/glibc-2.31/signal/../sysdeps/unix/sysv/linux/x86_64/sigaction.c:0
0x7f7755124082 __libc_start_main
	../csu/libc-start.c:308
Please submit a full bug report,
with preprocessed source if appropriate.
Please include the complete backtrace with any bug report.
See <file:///usr/share/doc/gcc-10/README.Bugs> for instructions.
[ 56%] [32m[1mLinking CXX shared library /home/hmcl/catkin_ws/devel/.private/gazebo_plugins/lib/libgazebo_ros_ft_sensor.so[0m
make[2]: *** [CMakeFiles/gazebo_ros_skid_steer_drive.dir/build.make:63: CMakeFiles/gazebo_ros_skid_steer_drive.dir/src/gazebo_ros_skid_steer_drive.cpp.o] Error 1
make[1]: *** [CMakeFiles/Makefile2:710: CMakeFiles/gazebo_ros_skid_steer_drive.dir/all] Error 2
make[1]: *** Waiting for unfinished jobs....
[ 57%] [32m[1mLinking CXX shared library /home/hmcl/catkin_ws/devel/.private/gazebo_plugins/lib/libgazebo_ros_f3d.so[0m
[ 57%] Built target gazebo_ros_vacuum_gripper
[ 57%] Built target gazebo_ros_force
[ 59%] [32m[1mLinking CXX shared library /home/hmcl/catkin_ws/devel/.private/gazebo_plugins/lib/libgazebo_ros_joint_pose_trajectory.so[0m
[ 59%] Built target gazebo_ros_hand_of_god
[ 60%] [32m[1mLinking CXX shared library /home/hmcl/catkin_ws/devel/.private/gazebo_plugins/lib/libgazebo_ros_p3d.so[0m
[ 60%] Built target gazebo_ros_f3d
[ 60%] Built target gazebo_ros_ft_sensor
[ 61%] [32m[1mLinking CXX shared library /home/hmcl/catkin_ws/devel/.private/gazebo_plugins/lib/libgazebo_ros_utils.so[0m
[ 61%] Built target gazebo_ros_joint_pose_trajectory
[ 62%] [32m[1mLinking CXX shared library /home/hmcl/catkin_ws/devel/.private/gazebo_plugins/lib/libgazebo_ros_planar_move.so[0m
[ 62%] Built target gazebo_ros_p3d
[ 63%] [32m[1mLinking CXX shared library /home/hmcl/catkin_ws/devel/.private/gazebo_plugins/lib/libgazebo_ros_range.so[0m
[ 63%] Built target gazebo_ros_utils
[ 65%] [32m[1mLinking CXX shared library /home/hmcl/catkin_ws/devel/.private/gazebo_plugins/lib/libgazebo_ros_bumper.so[0m
[ 65%] Built target gazebo_ros_planar_move
[ 65%] Built target gazebo_ros_range
[ 66%] [32m[1mLinking CXX shared library /home/hmcl/catkin_ws/devel/.private/gazebo_plugins/lib/libgazebo_ros_imu.so[0m
[ 67%] [32m[1mLinking CXX shared library /home/hmcl/catkin_ws/devel/.private/gazebo_plugins/lib/libgazebo_ros_block_laser.so[0m
[ 68%] [32m[1mLinking CXX shared library /home/hmcl/catkin_ws/devel/.private/gazebo_plugins/lib/libgazebo_ros_joint_state_publisher.so[0m
[ 69%] [32m[1mLinking CXX shared library /home/hmcl/catkin_ws/devel/.private/gazebo_plugins/lib/libgazebo_ros_laser.so[0m
[ 71%] [32m[1mLinking CXX shared library /home/hmcl/catkin_ws/devel/.private/gazebo_plugins/lib/libgazebo_ros_gpu_laser.so[0m
[ 71%] Built target gazebo_ros_bumper
[ 71%] Built target gazebo_ros_imu
[ 72%] [32m[1mLinking CXX shared library /home/hmcl/catkin_ws/devel/.private/gazebo_plugins/lib/libgazebo_ros_wheel_slip.so[0m
[ 72%] Built target gazebo_ros_joint_state_publisher
[ 72%] Built target gazebo_ros_wheel_slip
[ 72%] Built target gazebo_ros_block_laser
[ 72%] Built target gazebo_ros_gpu_laser
[ 72%] Built target gazebo_ros_laser
[ 73%] [32m[1mLinking CXX shared library /home/hmcl/catkin_ws/devel/.private/gazebo_plugins/lib/libgazebo_ros_projector.so[0m
[ 74%] [32m[1mLinking CXX shared library /home/hmcl/catkin_ws/devel/.private/gazebo_plugins/lib/libMultiCameraPlugin.so[0m
[ 75%] [32m[1mLinking CXX shared library /home/hmcl/catkin_ws/devel/.private/gazebo_plugins/lib/libgazebo_ros_video.so[0m
[ 75%] Built target MultiCameraPlugin
[ 75%] Built target gazebo_ros_projector
[ 75%] Built target gazebo_ros_video
[ 77%] [32m[1mLinking CXX shared library /home/hmcl/catkin_ws/devel/.private/gazebo_plugins/lib/libgazebo_ros_camera_utils.so[0m
[ 77%] Built target gazebo_ros_camera_utils
make: *** [Makefile:141: all] Error 2
