[  0%] Built target tf2_msgs_generate_messages_nodejs
[  0%] Built target nav_msgs_generate_messages_eus
[  0%] Built target nodelet_generate_messages_py
[  0%] Built target bond_generate_messages_py
[  0%] Built target bond_generate_messages_nodejs
[  0%] Built target trajectory_msgs_generate_messages_py
[  0%] Built target gazebo_msgs_generate_messages_lisp
[  0%] Built target std_srvs_generate_messages_eus
[  0%] Built target polled_camera_generate_messages_nodejs
[  0%] Built target bond_generate_messages_cpp
[  0%] Built target dynamic_reconfigure_generate_messages_nodejs
[  0%] Built target roscpp_generate_messages_py
[  0%] Built target roscpp_generate_messages_eus
[  0%] Built target roscpp_generate_messages_nodejs
[  0%] Built target rosgraph_msgs_generate_messages_cpp
[  0%] Built target tf2_msgs_generate_messages_py
[  0%] Built target rosgraph_msgs_generate_messages_eus
[  0%] Built target nodelet_generate_messages_nodejs
[  0%] Built target rosgraph_msgs_generate_messages_nodejs
[  0%] Built target sensor_msgs_generate_messages_nodejs
[  0%] Built target actionlib_generate_messages_eus
[  2%] Built target gazebo_ros_template
[  4%] Built target gazebo_ros_vacuum_gripper
[  7%] Built target gazebo_ros_hand_of_god
[  8%] [32mBuilding CXX object CMakeFiles/gazebo_ros_skid_steer_drive.dir/src/gazebo_ros_skid_steer_drive.cpp.o[0m
[ 15%] Built target gazebo_ros_range
[ 10%] Built target actionlib_msgs_generate_messages_lisp
[ 13%] Built target gazebo_ros_utils
[ 15%] Built target tf_generate_messages_py
[ 15%] Built target actionlib_msgs_generate_messages_nodejs
[ 18%] Built target gazebo_ros_video
[ 13%] Built target gazebo_ros_planar_move
[ 18%] Built target geometry_msgs_generate_messages_lisp
[ 18%] Built target dynamic_reconfigure_generate_messages_eus
[ 18%] Built target trajectory_msgs_generate_messages_cpp
[ 18%] Built target diagnostic_msgs_generate_messages_cpp
[ 18%] Built target trajectory_msgs_generate_messages_eus
[ 19%] Built target gazebo_msgs_generate_messages_eus
[ 20%] Built target gazebo_msgs_generate_messages_cpp
[ 20%] Built target gazebo_ros_ft_sensor
[ 20%] Built target std_msgs_generate_messages_cpp
[ 20%] Built target visualization_msgs_generate_messages_eus
[ 20%] Built target geometry_msgs_generate_messages_nodejs
[ 20%] Built target roscpp_generate_messages_lisp
[ 20%] Built target rosgraph_msgs_generate_messages_lisp
[ 20%] Built target std_srvs_generate_messages_cpp
[ 20%] Built target std_msgs_generate_messages_lisp
[ 20%] Built target nav_msgs_generate_messages_cpp
[ 20%] Built target std_srvs_generate_messages_lisp
[ 20%] Built target _catkin_empty_exported_target
[ 20%] Built target std_msgs_generate_messages_eus
[ 20%] Built target actionlib_generate_messages_lisp
[ 20%] Built target nodelet_generate_messages_lisp
[ 20%] Built target std_msgs_generate_messages_nodejs
[ 20%] Built target diagnostic_msgs_generate_messages_eus
[ 20%] Built target gazebo_msgs_generate_messages_py
[ 20%] Built target trajectory_msgs_generate_messages_lisp
[ 20%] Built target std_msgs_generate_messages_py
[ 20%] Built target nav_msgs_generate_messages_nodejs
[ 20%] Built target nodelet_generate_messages_eus
[ 20%] Built target gazebo_msgs_generate_messages_nodejs
[ 20%] Built target trajectory_msgs_generate_messages_nodejs
[ 20%] Built target sensor_msgs_generate_messages_cpp
[ 20%] Built target geometry_msgs_generate_messages_eus
[ 20%] Built target sensor_msgs_generate_messages_eus
[ 20%] Built target actionlib_msgs_generate_messages_cpp
[ 20%] Built target geometry_msgs_generate_messages_cpp
[ 20%] Built target tf2_msgs_generate_messages_eus
[ 20%] Built target dynamic_reconfigure_generate_messages_py
[ 20%] Built target bond_generate_messages_lisp
[ 20%] Built target geometry_msgs_generate_messages_py
[ 20%] Built target visualization_msgs_generate_messages_cpp
[ 20%] Built target actionlib_msgs_generate_messages_eus
[ 20%] Built target roscpp_generate_messages_cpp
[ 20%] Built target tf_generate_messages_eus
[ 20%] Built target actionlib_generate_messages_cpp
[ 20%] Built target tf_generate_messages_lisp
[ 20%] Built target actionlib_msgs_generate_messages_py
[ 20%] Built target tf_generate_messages_cpp
[ 20%] Built target tf_generate_messages_nodejs
[ 20%] Built target nav_msgs_generate_messages_lisp
[ 20%] Built target tf2_msgs_generate_messages_lisp
[ 20%] Built target actionlib_generate_messages_py
[ 20%] Built target dynamic_reconfigure_generate_messages_lisp
[ 20%] Built target std_srvs_generate_messages_py
[ 20%] Built target tf2_msgs_generate_messages_cpp
[ 20%] Built target actionlib_generate_messages_nodejs
[ 20%] Built target dynamic_reconfigure_generate_messages_cpp
[ 20%] Built target dynamic_reconfigure_gencfg
[ 20%] Built target diagnostic_msgs_generate_messages_lisp
[ 20%] Built target diagnostic_msgs_generate_messages_py
[ 20%] Built target polled_camera_generate_messages_cpp
[ 20%] Built target polled_camera_generate_messages_lisp
[ 20%] Built target polled_camera_generate_messages_eus
[35m[1mScanning dependencies of target gazebo_ros_tricycle_drive[0m
[ 20%] Built target polled_camera_generate_messages_py
[ 20%] Built target bond_generate_messages_eus
[ 20%] Built target sensor_msgs_generate_messages_py
[ 20%] Built target diagnostic_msgs_generate_messages_nodejs
[ 20%] Built target visualization_msgs_generate_messages_lisp
[ 20%] Built target nodelet_generate_messages_cpp
[ 20%] Built target std_srvs_generate_messages_nodejs
[ 20%] Built target visualization_msgs_generate_messages_nodejs
[ 20%] Built target sensor_msgs_generate_messages_lisp
[ 20%] Built target nav_msgs_generate_messages_py
[ 20%] Built target rosgraph_msgs_generate_messages_py
[ 20%] Built target visualization_msgs_generate_messages_py
[35m[1mScanning dependencies of target gazebo_ros_diff_drive[0m
[ 22%] Built target gazebo_ros_projector
[ 25%] Built target gazebo_ros_f3d
[ 31%] Built target gazebo_plugins_gencfg
[ 36%] Built target gazebo_ros_imu_sensor
[ 38%] Built target gazebo_ros_force
[ 36%] Built target gazebo_ros_p3d
[ 40%] Built target gazebo_ros_block_laser
[ 43%] Built target gazebo_ros_imu
[ 45%] Built target gazebo_ros_joint_pose_trajectory
[ 48%] Built target gazebo_ros_gpu_laser
[ 53%] Built target gazebo_ros_laser
[ 53%] Built target MultiCameraPlugin
[ 55%] Built target pub_joint_trajectory_test
[ 57%] Built target gazebo_ros_joint_state_publisher
[ 60%] Built target gazebo_ros_harness
[ 62%] Built target hokuyo_node
[ 65%] Built target gazebo_ros_bumper
[ 67%] Built target vision_reconfigure
[ 69%] Built target gazebo_ros_elevator
[ 72%] Built target gazebo_ros_wheel_slip
[ 74%] Built target gazebo_ros_camera_utils
[ 77%] Built target camera_synchronizer
[35m[1mScanning dependencies of target gazebo_ros_camera[0m
[35m[1mScanning dependencies of target gazebo_ros_depth_camera[0m
[35m[1mScanning dependencies of target gazebo_ros_multicamera[0m
[35m[1mScanning dependencies of target gazebo_ros_prosilica[0m
[35m[1mScanning dependencies of target gazebo_ros_triggered_camera[0m
[35m[1mScanning dependencies of target gazebo_ros_openni_kinect[0m
[ 78%] [32mBuilding CXX object CMakeFiles/gazebo_ros_tricycle_drive.dir/src/gazebo_ros_tricycle_drive.cpp.o[0m
[ 79%] [32mBuilding CXX object CMakeFiles/gazebo_ros_diff_drive.dir/src/gazebo_ros_diff_drive.cpp.o[0m
[ 80%] [32mBuilding CXX object CMakeFiles/gazebo_ros_camera.dir/src/gazebo_ros_camera.cpp.o[0m
[ 81%] [32mBuilding CXX object CMakeFiles/gazebo_ros_multicamera.dir/src/gazebo_ros_multicamera.cpp.o[0m
[ 83%] [32mBuilding CXX object CMakeFiles/gazebo_ros_depth_camera.dir/src/gazebo_ros_depth_camera.cpp.o[0m
[ 84%] [32mBuilding CXX object CMakeFiles/gazebo_ros_triggered_camera.dir/src/gazebo_ros_triggered_camera.cpp.o[0m
[ 85%] [32mBuilding CXX object CMakeFiles/gazebo_ros_openni_kinect.dir/src/gazebo_ros_openni_kinect.cpp.o[0m
[ 86%] [32mBuilding CXX object CMakeFiles/gazebo_ros_prosilica.dir/src/gazebo_ros_prosilica.cpp.o[0m
[ 87%] [32m[1mLinking CXX shared library /home/hmcl/catkin_ws/devel/.private/gazebo_plugins/lib/libgazebo_ros_skid_steer_drive.so[0m
[ 89%] [32m[1mLinking CXX shared library /home/hmcl/catkin_ws/devel/.private/gazebo_plugins/lib/libgazebo_ros_diff_drive.so[0m
[ 89%] Built target gazebo_ros_skid_steer_drive
[ 90%] [32m[1mLinking CXX shared library /home/hmcl/catkin_ws/devel/.private/gazebo_plugins/lib/libgazebo_ros_tricycle_drive.so[0m
[ 90%] Built target gazebo_ros_diff_drive
[ 90%] Built target gazebo_ros_tricycle_drive
[ 91%] [32m[1mLinking CXX shared library /home/hmcl/catkin_ws/devel/.private/gazebo_plugins/lib/libgazebo_ros_camera.so[0m
[ 91%] Built target gazebo_ros_camera
[ 92%] [32m[1mLinking CXX shared library /home/hmcl/catkin_ws/devel/.private/gazebo_plugins/lib/libgazebo_ros_multicamera.so[0m
[ 93%] [32m[1mLinking CXX shared library /home/hmcl/catkin_ws/devel/.private/gazebo_plugins/lib/libgazebo_ros_triggered_camera.so[0m
[ 93%] Built target gazebo_ros_triggered_camera
[35m[1mScanning dependencies of target gazebo_ros_triggered_multicamera[0m
[ 93%] Built target gazebo_ros_multicamera
[ 95%] [32mBuilding CXX object CMakeFiles/gazebo_ros_triggered_multicamera.dir/src/gazebo_ros_triggered_multicamera.cpp.o[0m
[ 96%] [32m[1mLinking CXX shared library /home/hmcl/catkin_ws/devel/.private/gazebo_plugins/lib/libgazebo_ros_prosilica.so[0m
[ 96%] Built target gazebo_ros_prosilica
[ 97%] [32m[1mLinking CXX shared library /home/hmcl/catkin_ws/devel/.private/gazebo_plugins/lib/libgazebo_ros_openni_kinect.so[0m
[ 98%] [32m[1mLinking CXX shared library /home/hmcl/catkin_ws/devel/.private/gazebo_plugins/lib/libgazebo_ros_depth_camera.so[0m
[ 98%] Built target gazebo_ros_depth_camera
[ 98%] Built target gazebo_ros_openni_kinect
[100%] [32m[1mLinking CXX shared library /home/hmcl/catkin_ws/devel/.private/gazebo_plugins/lib/libgazebo_ros_triggered_multicamera.so[0m
[100%] Built target gazebo_ros_triggered_multicamera
